DEBUG   [13:59:52.553]: __main__ - I am writting to a file
INFO    [13:59:52.578]: root - new_icon: {}
DEBUG   [14:00:38.628]: __main__ - I am writting to a file
INFO    [14:00:38.687]: root - new_icon: {}
DEBUG   [14:02:11.410]: __main__ - I am writting to a file
DEBUG   [14:02:23.493]: __main__ - I am writting to a file
INFO    [14:02:29.384]: root - icon path: C:\Users\leoyi\work\prj\python\resources\icons
INFO    [14:02:29.385]: root - Create a new project
DEBUG   [14:04:38.016]: __main__ - I am writting to a file
DEBUG   [14:05:38.755]: __main__ - I am writting to a file
INFO    [14:05:44.296]: root - icon path: C:\Users\leoyi\work\prj\python\resources\icons\22x22\actions\document-new.png
INFO    [14:05:44.296]: root - Create a new project
DEBUG   [14:07:04.338]: __main__ - I am writting to a file
INFO    [14:07:21.335]: root - open an existing project
INFO    [14:07:24.046]: root - Create a new project
INFO    [14:07:25.509]: root - open an existing project
INFO    [14:07:50.282]: root - Create a new project
INFO    [14:07:52.059]: root - Create a new project
INFO    [14:07:54.562]: root - open an existing project
INFO    [14:07:55.138]: root - open an existing project
DEBUG   [14:10:25.499]: __main__ - I am writting to a file
DEBUG   [14:11:19.391]: __main__ - I am writting to a file
INFO    [14:11:21.538]: root - open an existing project
INFO    [14:11:23.322]: root - Create a new project
INFO    [14:11:24.048]: root - Create a new project
INFO    [14:11:25.986]: root - open an existing project
INFO    [14:11:26.956]: root - Create a new project
INFO    [14:11:31.414]: root - Create a new project
INFO    [14:11:31.880]: root - open an existing project
DEBUG   [14:16:01.555]: __main__ - I am writting to a file
INFO    [14:16:03.650]: GUI - open an existing project
INFO    [14:16:05.318]: GUI - Create a new project
DEBUG   [14:26:54.012]: __main__ - I am writting to a file
DEBUG   [14:27:11.232]: __main__ - I am writting to a file
DEBUG   [14:27:26.437]: __main__ - I am writting to a file
DEBUG   [14:33:17.232]: __main__ - I am writting to a file
DEBUG   [14:33:31.997]: __main__ - I am writting to a file
DEBUG   [14:34:03.737]: __main__ - I am writting to a file
DEBUG   [14:34:55.605]: __main__ - I am writting to a file
DEBUG   [14:35:13.434]: __main__ - I am writting to a file
DEBUG   [14:36:04.486]: __main__ - I am writting to a file
DEBUG   [14:38:24.295]: __main__ - I am writting to a file
DEBUG   [14:39:09.016]: __main__ - I am writting to a file
DEBUG   [14:48:14.193]: __main__ - I am writting to a file
DEBUG   [14:48:33.438]: __main__ - I am writting to a file
DEBUG   [14:49:09.996]: __main__ - I am writting to a file
INFO    [14:50:33.543]: GUI - open an existing project
DEBUG   [14:55:08.005]: __main__ - I am writting to a file
DEBUG   [14:55:26.822]: __main__ - I am writting to a file
DEBUG   [14:55:50.158]: __main__ - I am writting to a file
DEBUG   [15:02:27.283]: __main__ - I am writting to a file
DEBUG   [15:40:30.035]: __main__ - I am writting to a file
DEBUG   [15:43:54.976]: __main__ - I am writting to a file
DEBUG   [15:49:58.148]: __main__ - I am writting to a file
DEBUG   [15:57:15.782]: __main__ - I am writting to a file
DEBUG   [15:57:53.282]: __main__ - I am writting to a file
DEBUG   [15:58:29.923]: __main__ - I am writting to a file
DEBUG   [16:10:30.375]: __main__ - I am writting to a file
DEBUG   [16:10:41.233]: __main__ - I am writting to a file
DEBUG   [16:11:04.078]: __main__ - I am writting to a file
DEBUG   [16:22:29.809]: __main__ - I am writting to a file
DEBUG   [16:23:17.793]: __main__ - I am writting to a file
DEBUG   [16:33:44.394]: __main__ - I am writting to a file
INFO    [16:33:49.598]: GUI - Quit Application
DEBUG   [16:33:54.154]: __main__ - I am writting to a file
INFO    [16:34:13.496]: GUI - Quit Application
DEBUG   [16:35:30.016]: __main__ - I am writting to a file
INFO    [16:35:40.535]: GUI - Quit Application
DEBUG   [16:50:46.265]: __main__ - I am writting to a file
INFO    [16:50:53.273]: GUI - Quit Application
DEBUG   [16:51:26.743]: __main__ - I am writting to a file
DEBUG   [17:01:59.648]: __main__ - I am writting to a file
DEBUG   [17:02:16.713]: __main__ - I am writting to a file
DEBUG   [17:02:45.657]: __main__ - I am writting to a file
DEBUG   [17:02:55.549]: __main__ - I am writting to a file
DEBUG   [17:03:42.575]: __main__ - I am writting to a file
INFO    [17:04:12.617]: GUI - open an existing project
INFO    [17:04:13.298]: GUI - save an project
INFO    [17:04:14.849]: GUI - Send command
INFO    [17:04:17.562]: GUI - Create a new project
INFO    [17:04:18.436]: GUI - open an existing project
DEBUG   [22:08:14.332]: __main__ - I am writting to a file
INFO    [22:08:38.323]: GUI - Send command
INFO    [22:08:41.236]: GUI - save an project
